<?xml version="1.0" encoding="UTF-8"?>
<testng-results skipped="0" failed="0" total="2" passed="2">
  <reporter-output>
  </reporter-output>
  <suite name="Default suite" duration-ms="21169" started-at="2016-11-12T17:25:20Z" finished-at="2016-11-12T17:25:41Z">
    <groups>
    </groups>
    <test name="Default test" duration-ms="21169" started-at="2016-11-12T17:25:20Z" finished-at="2016-11-12T17:25:41Z">
      <class name="seleniumPractice.ExcelRead">
        <test-method status="PASS" signature="f(java.lang.String, java.lang.String)[pri:0, instance:seleniumPractice.ExcelRead@3532ec19]" name="f" duration-ms="10360" started-at="2016-11-12T22:55:20Z" data-provider="dp" finished-at="2016-11-12T22:55:31Z">
          <params>
            <param index="0">
              <value>
                <![CDATA[dibya@yahoo.com]]>
              </value>
            </param>
            <param index="1">
              <value>
                <![CDATA[follow]]>
              </value>
            </param>
          </params>
          <reporter-output>
          </reporter-output>
        </test-method> <!-- f -->
        <test-method status="PASS" signature="f(java.lang.String, java.lang.String)[pri:0, instance:seleniumPractice.ExcelRead@3532ec19]" name="f" duration-ms="9980" started-at="2016-11-12T22:55:31Z" data-provider="dp" finished-at="2016-11-12T22:55:41Z">
          <params>
            <param index="0">
              <value>
                <![CDATA[shyam@gmail.com]]>
              </value>
            </param>
            <param index="1">
              <value>
                <![CDATA[gekgo]]>
              </value>
            </param>
          </params>
          <reporter-output>
          </reporter-output>
        </test-method> <!-- f -->
      </class> <!-- seleniumPractice.ExcelRead -->
    </test> <!-- Default test -->
  </suite> <!-- Default suite -->
</testng-results>
